Case #1: 4 2
Case #2: 2 2
Case #3: 6 1
Case #4: 0 0
Case #5: 1 1
Case #6: 10 5
Case #7: 8 2
Case #8: 0 0
Case #9: 5 1
Case #10: 0 0
Case #11: 10 10
Case #12: 0 0
Case #13: 2 1
Case #14: 4 0
Case #15: 10 10
Case #16: 7 1
Case #17: 1 1
Case #18: 10 2
Case #19: 1 1
Case #20: 1 1
Case #21: 3 3
Case #22: 6 1
Case #23: 10 10
Case #24: 6 0
Case #25: 7 1
Case #26: 8 4
Case #27: 10 10
Case #28: 8 2
Case #29: 10 10
Case #30: 10 10
Case #31: 10 5
Case #32: 6 3
Case #33: 8 4
Case #34: 8 2
Case #35: 1 1
Case #36: 4 2
Case #37: 7 3
Case #38: 3 1
Case #39: 9 5
Case #40: 4 1
Case #41: 3 1
Case #42: 8 2
Case #43: 9 2
Case #44: 3 2
Case #45: 9 4
Case #46: 2 0
Case #47: 1 1
Case #48: 10 5
Case #49: 7 2
Case #50: 3 3
